TN:
SF:src\presentation\controllers\signup.ts
FN:10,SingUpController
FN:14,hundle
FNF:2
FNH:2
FNDA:6,SingUpController
FNDA:6,hundle
DA:1,1
DA:2,1
DA:3,1
DA:4,1
DA:5,1
DA:6,1
DA:7,1
DA:8,1
DA:9,1
DA:10,1
DA:11,6
DA:12,6
DA:13,1
DA:14,1
DA:15,6
DA:16,6
DA:17,18
DA:18,4
DA:19,4
DA:20,18
DA:21,2
DA:22,2
DA:23,6
DA:24,1
DA:25,1
DA:26,1
DA:27,1
DA:28,1
LF:28
LH:28
BRDA:10,0,0,6
BRDA:14,1,0,6
BRDA:16,2,0,18
BRDA:17,3,0,4
BRDA:21,4,0,2
BRDA:23,5,0,1
BRF:6
BRH:6
end_of_record
TN:
SF:src\presentation\error\error-invalid-param.ts
FN:2,ErrorInvalidParam
FNF:1
FNH:1
FNDA:2,ErrorInvalidParam
DA:1,1
DA:2,1
DA:3,2
DA:4,2
DA:5,2
DA:6,1
LF:6
LH:6
BRDA:2,0,0,2
BRF:1
BRH:1
end_of_record
TN:
SF:src\presentation\error\error-missing-params.ts
FN:2,ErrorMissingParam
FNF:1
FNH:1
FNDA:9,ErrorMissingParam
DA:1,1
DA:2,1
DA:3,9
DA:4,9
DA:5,9
DA:6,1
LF:6
LH:6
BRDA:2,0,0,9
BRF:1
BRH:1
end_of_record
TN:
SF:src\presentation\helpers\http-helper.ts
FN:3,badRequest
FNF:1
FNH:1
FNDA:6,badRequest
DA:1,1
DA:2,1
DA:3,1
DA:4,6
DA:5,6
DA:6,6
DA:7,6
DA:8,6
LF:8
LH:8
BRDA:3,0,0,6
BRF:1
BRH:1
end_of_record
TN:
SF:src\presentation\protocols\controller.ts
FN:1,(empty-report)
FNF:1
FNH:0
FNDA:0,(empty-report)
DA:1,0
DA:2,0
DA:3,0
DA:4,0
DA:5,0
LF:5
LH:0
BRDA:1,0,0,0
BRF:1
BRH:0
end_of_record
TN:
SF:src\presentation\protocols\email-validator.ts
FN:1,(empty-report)
FNF:1
FNH:0
FNDA:0,(empty-report)
DA:1,0
DA:2,0
DA:3,0
LF:3
LH:0
BRDA:1,0,0,0
BRF:1
BRH:0
end_of_record
TN:
SF:src\presentation\protocols\http.ts
FN:1,(empty-report)
FNF:1
FNH:0
FNDA:0,(empty-report)
DA:1,0
DA:2,0
DA:3,0
DA:4,0
DA:5,0
DA:6,0
DA:7,0
DA:8,0
LF:8
LH:0
BRDA:1,0,0,0
BRF:1
BRH:0
end_of_record
